{"C:\\Users\\kaize\\code\\TMMIN-Car-Rental-App\\app\\(auth)\\Login.jsx": {"path":"C:\\Users\\kaize\\code\\TMMIN-Car-Rental-App\\app\\(auth)\\Login.jsx","statementMap":{"0":{"start":{"line":11,"column":42},"end":{"line":11,"column":57}},"1":{"start":{"line":12,"column":42},"end":{"line":12,"column":54}},"2":{"start":{"line":13,"column":42},"end":{"line":13,"column":57}},"3":{"start":{"line":14,"column":34},"end":{"line":17,"column":4}},"4":{"start":{"line":19,"column":19},"end":{"line":19,"column":32}},"5":{"start":{"line":20,"column":20},"end":{"line":20,"column":43}},"6":{"start":{"line":22,"column":23},"end":{"line":24,"column":3}},"7":{"start":{"line":23,"column":4},"end":{"line":23,"column":48}},"8":{"start":{"line":26,"column":23},"end":{"line":56,"column":3}},"9":{"start":{"line":27,"column":32},"end":{"line":27,"column":40}},"10":{"start":{"line":29,"column":4},"end":{"line":32,"column":5}},"11":{"start":{"line":30,"column":6},"end":{"line":30,"column":47}},"12":{"start":{"line":31,"column":6},"end":{"line":31,"column":13}},"13":{"start":{"line":33,"column":4},"end":{"line":36,"column":5}},"14":{"start":{"line":34,"column":6},"end":{"line":34,"column":55}},"15":{"start":{"line":35,"column":6},"end":{"line":35,"column":13}},"16":{"start":{"line":37,"column":4},"end":{"line":40,"column":5}},"17":{"start":{"line":38,"column":6},"end":{"line":38,"column":64}},"18":{"start":{"line":39,"column":6},"end":{"line":39,"column":13}},"19":{"start":{"line":41,"column":4},"end":{"line":44,"column":5}},"20":{"start":{"line":42,"column":6},"end":{"line":42,"column":51}},"21":{"start":{"line":43,"column":6},"end":{"line":43,"column":13}},"22":{"start":{"line":46,"column":4},"end":{"line":55,"column":5}},"23":{"start":{"line":47,"column":6},"end":{"line":47,"column":62}},"24":{"start":{"line":48,"column":6},"end":{"line":48,"column":37}},"25":{"start":{"line":49,"column":6},"end":{"line":52,"column":15}},"26":{"start":{"line":50,"column":8},"end":{"line":50,"column":31}},"27":{"start":{"line":51,"column":8},"end":{"line":51,"column":37}},"28":{"start":{"line":54,"column":6},"end":{"line":54,"column":32}},"29":{"start":{"line":58,"column":20},"end":{"line":64,"column":3}},"30":{"start":{"line":59,"column":4},"end":{"line":59,"column":29}},"31":{"start":{"line":60,"column":4},"end":{"line":60,"column":26}},"32":{"start":{"line":61,"column":4},"end":{"line":63,"column":13}},"33":{"start":{"line":62,"column":6},"end":{"line":62,"column":29}},"34":{"start":{"line":66,"column":2},"end":{"line":122,"column":4}},"35":{"start":{"line":76,"column":35},"end":{"line":76,"column":63}},"36":{"start":{"line":87,"column":37},"end":{"line":87,"column":68}},"37":{"start":{"line":89,"column":43},"end":{"line":89,"column":73}},"38":{"start":{"line":125,"column":15},"end":{"line":188,"column":2}}},"fnMap":{"0":{"name":"Login","decl":{"start":{"line":10,"column":24},"end":{"line":10,"column":29}},"loc":{"start":{"line":10,"column":32},"end":{"line":123,"column":1}},"line":10},"1":{"name":"(anonymous_1)","decl":{"start":{"line":22,"column":23},"end":{"line":22,"column":24}},"loc":{"start":{"line":22,"column":40},"end":{"line":24,"column":3}},"line":22},"2":{"name":"(anonymous_2)","decl":{"start":{"line":26,"column":23},"end":{"line":26,"column":24}},"loc":{"start":{"line":26,"column":35},"end":{"line":56,"column":3}},"line":26},"3":{"name":"(anonymous_3)","decl":{"start":{"line":49,"column":17},"end":{"line":49,"column":18}},"loc":{"start":{"line":49,"column":23},"end":{"line":52,"column":7}},"line":49},"4":{"name":"(anonymous_4)","decl":{"start":{"line":58,"column":20},"end":{"line":58,"column":21}},"loc":{"start":{"line":58,"column":33},"end":{"line":64,"column":3}},"line":58},"5":{"name":"(anonymous_5)","decl":{"start":{"line":61,"column":15},"end":{"line":61,"column":16}},"loc":{"start":{"line":61,"column":21},"end":{"line":63,"column":5}},"line":61},"6":{"name":"(anonymous_6)","decl":{"start":{"line":76,"column":24},"end":{"line":76,"column":25}},"loc":{"start":{"line":76,"column":35},"end":{"line":76,"column":63}},"line":76},"7":{"name":"(anonymous_7)","decl":{"start":{"line":87,"column":26},"end":{"line":87,"column":27}},"loc":{"start":{"line":87,"column":37},"end":{"line":87,"column":68}},"line":87},"8":{"name":"(anonymous_8)","decl":{"start":{"line":89,"column":37},"end":{"line":89,"column":38}},"loc":{"start":{"line":89,"column":43},"end":{"line":89,"column":73}},"line":89}},"branchMap":{"0":{"loc":{"start":{"line":29,"column":4},"end":{"line":32,"column":5}},"type":"if","locations":[{"start":{"line":29,"column":4},"end":{"line":32,"column":5}},{"start":{},"end":{}}],"line":29},"1":{"loc":{"start":{"line":29,"column":8},"end":{"line":29,"column":27}},"type":"binary-expr","locations":[{"start":{"line":29,"column":8},"end":{"line":29,"column":14}},{"start":{"line":29,"column":18},"end":{"line":29,"column":27}}],"line":29},"2":{"loc":{"start":{"line":33,"column":4},"end":{"line":36,"column":5}},"type":"if","locations":[{"start":{"line":33,"column":4},"end":{"line":36,"column":5}},{"start":{},"end":{}}],"line":33},"3":{"loc":{"start":{"line":37,"column":4},"end":{"line":40,"column":5}},"type":"if","locations":[{"start":{"line":37,"column":4},"end":{"line":40,"column":5}},{"start":{},"end":{}}],"line":37},"4":{"loc":{"start":{"line":41,"column":4},"end":{"line":44,"column":5}},"type":"if","locations":[{"start":{"line":41,"column":4},"end":{"line":44,"column":5}},{"start":{},"end":{}}],"line":41},"5":{"loc":{"start":{"line":91,"column":20},"end":{"line":91,"column":52}},"type":"cond-expr","locations":[{"start":{"line":91,"column":35},"end":{"line":91,"column":44}},{"start":{"line":91,"column":47},"end":{"line":91,"column":52}}],"line":91},"6":{"loc":{"start":{"line":113,"column":18},"end":{"line":113,"column":91}},"type":"cond-expr","locations":[{"start":{"line":113,"column":64},"end":{"line":113,"column":78}},{"start":{"line":113,"column":81},"end":{"line":113,"column":91}}],"line":113},"7":{"loc":{"start":{"line":115,"column":19},"end":{"line":115,"column":82}},"type":"cond-expr","locations":[{"start":{"line":115,"column":65},"end":{"line":115,"column":74}},{"start":{"line":115,"column":77},"end":{"line":115,"column":82}}],"line":115}},"s":{"0":0,"1":0,"2":0,"3":0,"4":0,"5":0,"6":0,"7":0,"8":0,"9":0,"10":0,"11":0,"12":0,"13":0,"14":0,"15":0,"16":0,"17":0,"18":0,"19":0,"20":0,"21":0,"22":0,"23":0,"24":0,"25":0,"26":0,"27":0,"28":0,"29":0,"30":0,"31":0,"32":0,"33":0,"34":0,"35":0,"36":0,"37":0,"38":1},"f":{"0":0,"1":0,"2":0,"3":0,"4":0,"5":0,"6":0,"7":0,"8":0},"b":{"0":[0,0],"1":[0,0],"2":[0,0],"3":[0,0],"4":[0,0],"5":[0,0],"6":[0,0],"7":[0,0]},"_coverageSchema":"1a1c01bbd47fc00a2c39e90264f33305004495a9","hash":"ed9c27698f4fce73fda56dcc66a164e402a16b03"}
,"C:\\Users\\kaize\\code\\TMMIN-Car-Rental-App\\assets\\images\\img_photo.png": {"path":"C:\\Users\\kaize\\code\\TMMIN-Car-Rental-App\\assets\\images\\img_photo.png","statementMap":{"0":{"start":{"line":1,"column":0},"end":{"line":1,"column":19}}},"fnMap":{},"branchMap":{},"s":{"0":1},"f":{},"b":{},"_coverageSchema":"1a1c01bbd47fc00a2c39e90264f33305004495a9","hash":"0fe68453fbe18a33b963de4382b6b51194762f8c"}
,"C:\\Users\\kaize\\code\\TMMIN-Car-Rental-App\\components\\Button.jsx": {"path":"C:\\Users\\kaize\\code\\TMMIN-Car-Rental-App\\components\\Button.jsx","statementMap":{"0":{"start":{"line":5,"column":26},"end":{"line":5,"column":69}},"1":{"start":{"line":8,"column":20},"end":{"line":8,"column":37}},"2":{"start":{"line":10,"column":26},"end":{"line":12,"column":5}},"3":{"start":{"line":11,"column":8},"end":{"line":11,"column":40}},"4":{"start":{"line":14,"column":27},"end":{"line":16,"column":5}},"5":{"start":{"line":15,"column":8},"end":{"line":15,"column":38}},"6":{"start":{"line":18,"column":4},"end":{"line":40,"column":6}}},"fnMap":{"0":{"name":"(anonymous_0)","decl":{"start":{"line":7,"column":24},"end":{"line":7,"column":25}},"loc":{"start":{"line":7,"column":90},"end":{"line":41,"column":1}},"line":7},"1":{"name":"(anonymous_1)","decl":{"start":{"line":10,"column":26},"end":{"line":10,"column":27}},"loc":{"start":{"line":10,"column":32},"end":{"line":12,"column":5}},"line":10},"2":{"name":"(anonymous_2)","decl":{"start":{"line":14,"column":27},"end":{"line":14,"column":28}},"loc":{"start":{"line":14,"column":33},"end":{"line":16,"column":5}},"line":14}},"branchMap":{"0":{"loc":{"start":{"line":7,"column":51},"end":{"line":7,"column":67}},"type":"default-arg","locations":[{"start":{"line":7,"column":62},"end":{"line":7,"column":67}}],"line":7},"1":{"loc":{"start":{"line":25,"column":25},"end":{"line":25,"column":49}},"type":"cond-expr","locations":[{"start":{"line":25,"column":36},"end":{"line":25,"column":39}},{"start":{"line":25,"column":42},"end":{"line":25,"column":49}}],"line":25},"2":{"loc":{"start":{"line":26,"column":33},"end":{"line":26,"column":48}},"type":"binary-expr","locations":[{"start":{"line":26,"column":33},"end":{"line":26,"column":38}},{"start":{"line":26,"column":42},"end":{"line":26,"column":48}}],"line":26},"3":{"loc":{"start":{"line":33,"column":13},"end":{"line":38,"column":38}},"type":"cond-expr","locations":[{"start":{"line":33,"column":25},"end":{"line":38,"column":27}},{"start":{"line":38,"column":30},"end":{"line":38,"column":38}}],"line":33}},"s":{"0":2,"1":1,"2":1,"3":0,"4":1,"5":0,"6":1},"f":{"0":1,"1":0,"2":0},"b":{"0":[1],"1":[0,0],"2":[0,0],"3":[0,0]},"_coverageSchema":"1a1c01bbd47fc00a2c39e90264f33305004495a9","hash":"fb44a5648a660ea4454ecea57f7e397b93b57cf5"}
,"C:\\Users\\kaize\\code\\TMMIN-Car-Rental-App\\components\\Grid.jsx": {"path":"C:\\Users\\kaize\\code\\TMMIN-Car-Rental-App\\components\\Grid.jsx","statementMap":{"0":{"start":{"line":5,"column":4},"end":{"line":9,"column":5}},"1":{"start":{"line":13,"column":4},"end":{"line":25,"column":5}},"2":{"start":{"line":29,"column":4},"end":{"line":33,"column":5}},"3":{"start":{"line":36,"column":15},"end":{"line":44,"column":2}}},"fnMap":{"0":{"name":"Container","decl":{"start":{"line":4,"column":16},"end":{"line":4,"column":25}},"loc":{"start":{"line":4,"column":47},"end":{"line":10,"column":1}},"line":4},"1":{"name":"Row","decl":{"start":{"line":12,"column":16},"end":{"line":12,"column":19}},"loc":{"start":{"line":12,"column":78},"end":{"line":26,"column":1}},"line":12},"2":{"name":"Col","decl":{"start":{"line":28,"column":16},"end":{"line":28,"column":19}},"loc":{"start":{"line":28,"column":41},"end":{"line":34,"column":1}},"line":28}},"branchMap":{"0":{"loc":{"start":{"line":12,"column":67},"end":{"line":12,"column":74}},"type":"default-arg","locations":[{"start":{"line":12,"column":73},"end":{"line":12,"column":74}}],"line":12},"1":{"loc":{"start":{"line":17,"column":28},"end":{"line":17,"column":64}},"type":"cond-expr","locations":[{"start":{"line":17,"column":41},"end":{"line":17,"column":51}},{"start":{"line":17,"column":54},"end":{"line":17,"column":64}}],"line":17},"2":{"loc":{"start":{"line":18,"column":32},"end":{"line":18,"column":78}},"type":"cond-expr","locations":[{"start":{"line":18,"column":49},"end":{"line":18,"column":63}},{"start":{"line":18,"column":66},"end":{"line":18,"column":78}}],"line":18},"3":{"loc":{"start":{"line":19,"column":21},"end":{"line":19,"column":34}},"type":"cond-expr","locations":[{"start":{"line":19,"column":27},"end":{"line":19,"column":30}},{"start":{"line":19,"column":33},"end":{"line":19,"column":34}}],"line":19}},"s":{"0":0,"1":0,"2":0,"3":1},"f":{"0":0,"1":0,"2":0},"b":{"0":[0],"1":[0,0],"2":[0,0],"3":[0,0]},"_coverageSchema":"1a1c01bbd47fc00a2c39e90264f33305004495a9","hash":"825e079627140b333e7905fa30c7a5709e0b4f3e"}
,"C:\\Users\\kaize\\code\\TMMIN-Car-Rental-App\\components\\ListCar.jsx": {"path":"C:\\Users\\kaize\\code\\TMMIN-Car-Rental-App\\components\\ListCar.jsx","statementMap":{"0":{"start":{"line":7,"column":23},"end":{"line":10,"column":2}},"1":{"start":{"line":21,"column":20},"end":{"line":21,"column":59}},"2":{"start":{"line":21,"column":31},"end":{"line":21,"column":59}},"3":{"start":{"line":23,"column":2},"end":{"line":47,"column":4}},"4":{"start":{"line":50,"column":15},"end":{"line":89,"column":2}}},"fnMap":{"0":{"name":"ListCar","decl":{"start":{"line":12,"column":24},"end":{"line":12,"column":31}},"loc":{"start":{"line":20,"column":3},"end":{"line":48,"column":1}},"line":20},"1":{"name":"(anonymous_1)","decl":{"start":{"line":21,"column":20},"end":{"line":21,"column":21}},"loc":{"start":{"line":21,"column":31},"end":{"line":21,"column":59}},"line":21}},"branchMap":{},"s":{"0":1,"1":1,"2":1,"3":1,"4":1},"f":{"0":1,"1":1},"b":{},"_coverageSchema":"1a1c01bbd47fc00a2c39e90264f33305004495a9","hash":"e2d06fd4508dbb0ad750fd0d75009beb7f31ed70"}
,"C:\\Users\\kaize\\code\\TMMIN-Car-Rental-App\\components\\Modal.jsx": {"path":"C:\\Users\\kaize\\code\\TMMIN-Car-Rental-App\\components\\Modal.jsx","statementMap":{"0":{"start":{"line":6,"column":4},"end":{"line":21,"column":5}}},"fnMap":{"0":{"name":"ModalPopUp","decl":{"start":{"line":4,"column":24},"end":{"line":4,"column":34}},"loc":{"start":{"line":5,"column":25},"end":{"line":22,"column":1}},"line":5}},"branchMap":{},"s":{"0":0},"f":{"0":0},"b":{},"_coverageSchema":"1a1c01bbd47fc00a2c39e90264f33305004495a9","hash":"0d3d4d1314074f8d0de82eb13df71ae60220272f"}
,"C:\\Users\\kaize\\code\\TMMIN-Car-Rental-App\\components\\ThemedText.tsx": {"path":"C:\\Users\\kaize\\code\\TMMIN-Car-Rental-App\\components\\ThemedText.tsx","statementMap":{"0":{"start":{"line":18,"column":16},"end":{"line":18,"column":77}},"1":{"start":{"line":20,"column":2},"end":{"line":33,"column":4}},"2":{"start":{"line":36,"column":15},"end":{"line":60,"column":2}}},"fnMap":{"0":{"name":"ThemedText","decl":{"start":{"line":11,"column":16},"end":{"line":11,"column":26}},"loc":{"start":{"line":17,"column":20},"end":{"line":34,"column":1}},"line":17}},"branchMap":{"0":{"loc":{"start":{"line":15,"column":2},"end":{"line":15,"column":18}},"type":"default-arg","locations":[{"start":{"line":15,"column":9},"end":{"line":15,"column":18}}],"line":15},"1":{"loc":{"start":{"line":24,"column":8},"end":{"line":24,"column":55}},"type":"cond-expr","locations":[{"start":{"line":24,"column":29},"end":{"line":24,"column":43}},{"start":{"line":24,"column":46},"end":{"line":24,"column":55}}],"line":24},"2":{"loc":{"start":{"line":25,"column":8},"end":{"line":25,"column":51}},"type":"cond-expr","locations":[{"start":{"line":25,"column":27},"end":{"line":25,"column":39}},{"start":{"line":25,"column":42},"end":{"line":25,"column":51}}],"line":25},"3":{"loc":{"start":{"line":26,"column":8},"end":{"line":26,"column":71}},"type":"cond-expr","locations":[{"start":{"line":26,"column":37},"end":{"line":26,"column":59}},{"start":{"line":26,"column":62},"end":{"line":26,"column":71}}],"line":26},"4":{"loc":{"start":{"line":27,"column":8},"end":{"line":27,"column":57}},"type":"cond-expr","locations":[{"start":{"line":27,"column":30},"end":{"line":27,"column":45}},{"start":{"line":27,"column":48},"end":{"line":27,"column":57}}],"line":27},"5":{"loc":{"start":{"line":28,"column":8},"end":{"line":28,"column":49}},"type":"cond-expr","locations":[{"start":{"line":28,"column":26},"end":{"line":28,"column":37}},{"start":{"line":28,"column":40},"end":{"line":28,"column":49}}],"line":28}},"s":{"0":1,"1":1,"2":1},"f":{"0":1},"b":{"0":[1],"1":[0,0],"2":[0,0],"3":[0,0],"4":[0,0],"5":[0,0]},"_coverageSchema":"1a1c01bbd47fc00a2c39e90264f33305004495a9","hash":"17d9a6891c57db47b3cba90f796b8580547064bc"}
,"C:\\Users\\kaize\\code\\TMMIN-Car-Rental-App\\constants\\Colors.ts": {"path":"C:\\Users\\kaize\\code\\TMMIN-Car-Rental-App\\constants\\Colors.ts","statementMap":{"0":{"start":{"line":6,"column":23},"end":{"line":6,"column":32}},"1":{"start":{"line":7,"column":22},"end":{"line":7,"column":28}},"2":{"start":{"line":9,"column":22},"end":{"line":26,"column":1}}},"fnMap":{},"branchMap":{},"s":{"0":1,"1":1,"2":1},"f":{},"b":{},"_coverageSchema":"1a1c01bbd47fc00a2c39e90264f33305004495a9","hash":"7febb5c7c48dafc8813953c8267b27ce73e32a06"}
,"C:\\Users\\kaize\\code\\TMMIN-Car-Rental-App\\hooks\\useThemeColor.ts": {"path":"C:\\Users\\kaize\\code\\TMMIN-Car-Rental-App\\hooks\\useThemeColor.ts","statementMap":{"0":{"start":{"line":14,"column":16},"end":{"line":14,"column":43}},"1":{"start":{"line":15,"column":25},"end":{"line":15,"column":37}},"2":{"start":{"line":17,"column":2},"end":{"line":21,"column":3}},"3":{"start":{"line":18,"column":4},"end":{"line":18,"column":26}},"4":{"start":{"line":20,"column":4},"end":{"line":20,"column":36}}},"fnMap":{"0":{"name":"useThemeColor","decl":{"start":{"line":10,"column":16},"end":{"line":10,"column":29}},"loc":{"start":{"line":13,"column":2},"end":{"line":22,"column":1}},"line":13}},"branchMap":{"0":{"loc":{"start":{"line":14,"column":16},"end":{"line":14,"column":43}},"type":"binary-expr","locations":[{"start":{"line":14,"column":16},"end":{"line":14,"column":32}},{"start":{"line":14,"column":36},"end":{"line":14,"column":43}}],"line":14},"1":{"loc":{"start":{"line":17,"column":2},"end":{"line":21,"column":3}},"type":"if","locations":[{"start":{"line":17,"column":2},"end":{"line":21,"column":3}},{"start":{"line":19,"column":9},"end":{"line":21,"column":3}}],"line":17}},"s":{"0":1,"1":1,"2":1,"3":0,"4":1},"f":{"0":1},"b":{"0":[1,0],"1":[0,1]},"_coverageSchema":"1a1c01bbd47fc00a2c39e90264f33305004495a9","hash":"e7ea01c432affa1c78bf673735f9771ce2eec91d"}
,"C:\\Users\\kaize\\code\\TMMIN-Car-Rental-App\\redux\\reducers\\auth\\authApi.js": {"path":"C:\\Users\\kaize\\code\\TMMIN-Car-Rental-App\\redux\\reducers\\auth\\authApi.js","statementMap":{"0":{"start":{"line":5,"column":25},"end":{"line":27,"column":1}},"1":{"start":{"line":8,"column":4},"end":{"line":25,"column":5}},"2":{"start":{"line":9,"column":23},"end":{"line":15,"column":8}},"3":{"start":{"line":17,"column":6},"end":{"line":20,"column":7}},"4":{"start":{"line":18,"column":26},"end":{"line":18,"column":47}},"5":{"start":{"line":19,"column":8},"end":{"line":19,"column":81}},"6":{"start":{"line":22,"column":6},"end":{"line":22,"column":29}},"7":{"start":{"line":24,"column":6},"end":{"line":24,"column":44}},"8":{"start":{"line":29,"column":28},"end":{"line":51,"column":1}},"9":{"start":{"line":32,"column":4},"end":{"line":49,"column":5}},"10":{"start":{"line":33,"column":23},"end":{"line":39,"column":8}},"11":{"start":{"line":41,"column":6},"end":{"line":44,"column":7}},"12":{"start":{"line":42,"column":26},"end":{"line":42,"column":47}},"13":{"start":{"line":43,"column":8},"end":{"line":43,"column":88}},"14":{"start":{"line":46,"column":6},"end":{"line":46,"column":29}},"15":{"start":{"line":48,"column":6},"end":{"line":48,"column":44}}},"fnMap":{"0":{"name":"(anonymous_0)","decl":{"start":{"line":7,"column":2},"end":{"line":7,"column":3}},"loc":{"start":{"line":7,"column":54},"end":{"line":26,"column":3}},"line":7},"1":{"name":"(anonymous_1)","decl":{"start":{"line":31,"column":2},"end":{"line":31,"column":3}},"loc":{"start":{"line":31,"column":54},"end":{"line":50,"column":3}},"line":31}},"branchMap":{"0":{"loc":{"start":{"line":17,"column":6},"end":{"line":20,"column":7}},"type":"if","locations":[{"start":{"line":17,"column":6},"end":{"line":20,"column":7}},{"start":{},"end":{}}],"line":17},"1":{"loc":{"start":{"line":19,"column":42},"end":{"line":19,"column":77}},"type":"binary-expr","locations":[{"start":{"line":19,"column":42},"end":{"line":19,"column":59}},{"start":{"line":19,"column":63},"end":{"line":19,"column":77}}],"line":19},"2":{"loc":{"start":{"line":41,"column":6},"end":{"line":44,"column":7}},"type":"if","locations":[{"start":{"line":41,"column":6},"end":{"line":44,"column":7}},{"start":{},"end":{}}],"line":41},"3":{"loc":{"start":{"line":43,"column":42},"end":{"line":43,"column":84}},"type":"binary-expr","locations":[{"start":{"line":43,"column":42},"end":{"line":43,"column":59}},{"start":{"line":43,"column":63},"end":{"line":43,"column":84}}],"line":43}},"s":{"0":1,"1":0,"2":0,"3":0,"4":0,"5":0,"6":0,"7":0,"8":1,"9":0,"10":0,"11":0,"12":0,"13":0,"14":0,"15":0},"f":{"0":0,"1":0},"b":{"0":[0,0],"1":[0,0],"2":[0,0],"3":[0,0]},"_coverageSchema":"1a1c01bbd47fc00a2c39e90264f33305004495a9","hash":"c92d06c1b4d22eb7781774ba3da439198ddec917"}
,"C:\\Users\\kaize\\code\\TMMIN-Car-Rental-App\\redux\\reducers\\auth\\authSlice.js": {"path":"C:\\Users\\kaize\\code\\TMMIN-Car-Rental-App\\redux\\reducers\\auth\\authSlice.js","statementMap":{"0":{"start":{"line":6,"column":22},"end":{"line":9,"column":1}},"1":{"start":{"line":7,"column":15},"end":{"line":7,"column":53}},"2":{"start":{"line":8,"column":2},"end":{"line":8,"column":40}},"3":{"start":{"line":12,"column":17},"end":{"line":14,"column":1}},"4":{"start":{"line":13,"column":2},"end":{"line":13,"column":64}},"5":{"start":{"line":17,"column":21},"end":{"line":24,"column":1}},"6":{"start":{"line":26,"column":18},"end":{"line":83,"column":2}},"7":{"start":{"line":31,"column":6},"end":{"line":31,"column":35}},"8":{"start":{"line":32,"column":6},"end":{"line":32,"column":26}},"9":{"start":{"line":33,"column":6},"end":{"line":33,"column":32}},"10":{"start":{"line":36,"column":6},"end":{"line":36,"column":36}},"11":{"start":{"line":37,"column":6},"end":{"line":37,"column":22}},"12":{"start":{"line":38,"column":6},"end":{"line":38,"column":42}},"13":{"start":{"line":42,"column":6},"end":{"line":42,"column":34}},"14":{"start":{"line":43,"column":6},"end":{"line":43,"column":47}},"15":{"start":{"line":47,"column":4},"end":{"line":81,"column":9}},"16":{"start":{"line":50,"column":8},"end":{"line":50,"column":31}},"17":{"start":{"line":53,"column":8},"end":{"line":53,"column":32}},"18":{"start":{"line":54,"column":8},"end":{"line":54,"column":37}},"19":{"start":{"line":55,"column":8},"end":{"line":55,"column":36}},"20":{"start":{"line":56,"column":8},"end":{"line":56,"column":33}},"21":{"start":{"line":57,"column":8},"end":{"line":57,"column":36}},"22":{"start":{"line":60,"column":8},"end":{"line":60,"column":32}},"23":{"start":{"line":61,"column":8},"end":{"line":61,"column":27}},"24":{"start":{"line":62,"column":8},"end":{"line":62,"column":89}},"25":{"start":{"line":63,"column":8},"end":{"line":63,"column":36}},"26":{"start":{"line":67,"column":8},"end":{"line":67,"column":31}},"27":{"start":{"line":68,"column":8},"end":{"line":68,"column":28}},"28":{"start":{"line":69,"column":8},"end":{"line":69,"column":34}},"29":{"start":{"line":72,"column":8},"end":{"line":72,"column":32}},"30":{"start":{"line":73,"column":8},"end":{"line":73,"column":37}},"31":{"start":{"line":74,"column":8},"end":{"line":74,"column":36}},"32":{"start":{"line":75,"column":8},"end":{"line":75,"column":33}},"33":{"start":{"line":78,"column":8},"end":{"line":78,"column":32}},"34":{"start":{"line":79,"column":8},"end":{"line":79,"column":27}},"35":{"start":{"line":80,"column":8},"end":{"line":80,"column":96}},"36":{"start":{"line":86,"column":30},"end":{"line":91,"column":1}},"37":{"start":{"line":86,"column":36},"end":{"line":91,"column":1}},"38":{"start":{"line":87,"column":21},"end":{"line":87,"column":42}},"39":{"start":{"line":88,"column":2},"end":{"line":90,"column":3}},"40":{"start":{"line":89,"column":4},"end":{"line":89,"column":56}},"41":{"start":{"line":95,"column":51},"end":{"line":95,"column":68}},"42":{"start":{"line":96,"column":26},"end":{"line":96,"column":47}},"43":{"start":{"line":96,"column":37},"end":{"line":96,"column":47}}},"fnMap":{"0":{"name":"(anonymous_0)","decl":{"start":{"line":6,"column":22},"end":{"line":6,"column":23}},"loc":{"start":{"line":6,"column":34},"end":{"line":9,"column":1}},"line":6},"1":{"name":"(anonymous_1)","decl":{"start":{"line":12,"column":17},"end":{"line":12,"column":18}},"loc":{"start":{"line":12,"column":34},"end":{"line":14,"column":1}},"line":12},"2":{"name":"(anonymous_2)","decl":{"start":{"line":30,"column":16},"end":{"line":30,"column":17}},"loc":{"start":{"line":30,"column":27},"end":{"line":34,"column":5}},"line":30},"3":{"name":"(anonymous_3)","decl":{"start":{"line":35,"column":12},"end":{"line":35,"column":13}},"loc":{"start":{"line":35,"column":23},"end":{"line":39,"column":5}},"line":35},"4":{"name":"(anonymous_4)","decl":{"start":{"line":41,"column":17},"end":{"line":41,"column":18}},"loc":{"start":{"line":41,"column":36},"end":{"line":44,"column":5}},"line":41},"5":{"name":"(anonymous_5)","decl":{"start":{"line":46,"column":17},"end":{"line":46,"column":18}},"loc":{"start":{"line":46,"column":30},"end":{"line":82,"column":3}},"line":46},"6":{"name":"(anonymous_6)","decl":{"start":{"line":49,"column":34},"end":{"line":49,"column":35}},"loc":{"start":{"line":49,"column":45},"end":{"line":51,"column":7}},"line":49},"7":{"name":"(anonymous_7)","decl":{"start":{"line":52,"column":36},"end":{"line":52,"column":37}},"loc":{"start":{"line":52,"column":55},"end":{"line":58,"column":7}},"line":52},"8":{"name":"(anonymous_8)","decl":{"start":{"line":59,"column":35},"end":{"line":59,"column":36}},"loc":{"start":{"line":59,"column":54},"end":{"line":64,"column":7}},"line":59},"9":{"name":"(anonymous_9)","decl":{"start":{"line":66,"column":37},"end":{"line":66,"column":38}},"loc":{"start":{"line":66,"column":48},"end":{"line":70,"column":7}},"line":66},"10":{"name":"(anonymous_10)","decl":{"start":{"line":71,"column":39},"end":{"line":71,"column":40}},"loc":{"start":{"line":71,"column":58},"end":{"line":76,"column":7}},"line":71},"11":{"name":"(anonymous_11)","decl":{"start":{"line":77,"column":38},"end":{"line":77,"column":39}},"loc":{"start":{"line":77,"column":57},"end":{"line":81,"column":7}},"line":77},"12":{"name":"(anonymous_12)","decl":{"start":{"line":86,"column":30},"end":{"line":86,"column":31}},"loc":{"start":{"line":86,"column":36},"end":{"line":91,"column":1}},"line":86},"13":{"name":"(anonymous_13)","decl":{"start":{"line":86,"column":36},"end":{"line":86,"column":37}},"loc":{"start":{"line":86,"column":56},"end":{"line":91,"column":1}},"line":86},"14":{"name":"(anonymous_14)","decl":{"start":{"line":96,"column":26},"end":{"line":96,"column":27}},"loc":{"start":{"line":96,"column":37},"end":{"line":96,"column":47}},"line":96}},"branchMap":{"0":{"loc":{"start":{"line":8,"column":9},"end":{"line":8,"column":39}},"type":"cond-expr","locations":[{"start":{"line":8,"column":16},"end":{"line":8,"column":32}},{"start":{"line":8,"column":35},"end":{"line":8,"column":39}}],"line":8},"1":{"loc":{"start":{"line":62,"column":29},"end":{"line":62,"column":88}},"type":"binary-expr","locations":[{"start":{"line":62,"column":29},"end":{"line":62,"column":52}},{"start":{"line":62,"column":56},"end":{"line":62,"column":88}}],"line":62},"2":{"loc":{"start":{"line":80,"column":29},"end":{"line":80,"column":95}},"type":"binary-expr","locations":[{"start":{"line":80,"column":29},"end":{"line":80,"column":52}},{"start":{"line":80,"column":56},"end":{"line":80,"column":95}}],"line":80},"3":{"loc":{"start":{"line":88,"column":2},"end":{"line":90,"column":3}},"type":"if","locations":[{"start":{"line":88,"column":2},"end":{"line":90,"column":3}},{"start":{},"end":{}}],"line":88}},"s":{"0":1,"1":0,"2":0,"3":1,"4":0,"5":1,"6":1,"7":0,"8":0,"9":0,"10":0,"11":0,"12":0,"13":0,"14":0,"15":0,"16":0,"17":0,"18":0,"19":0,"20":0,"21":0,"22":0,"23":0,"24":0,"25":0,"26":0,"27":0,"28":0,"29":0,"30":0,"31":0,"32":0,"33":0,"34":0,"35":0,"36":1,"37":0,"38":0,"39":0,"40":0,"41":1,"42":1,"43":0},"f":{"0":0,"1":0,"2":0,"3":0,"4":0,"5":0,"6":0,"7":0,"8":0,"9":0,"10":0,"11":0,"12":0,"13":0,"14":0},"b":{"0":[0,0],"1":[0,0],"2":[0,0],"3":[0,0]},"_coverageSchema":"1a1c01bbd47fc00a2c39e90264f33305004495a9","hash":"39b703ebc6173681efb503d82699bd033cabbf16"}
}
